{"/home/ilei0893/task-manager/frontend/src/components/Task.tsx": {"path":"/home/ilei0893/task-manager/frontend/src/components/Task.tsx","statementMap":{"0":{"start":{"line":4,"column":15},"end":{"line":4,"column":null}},"1":{"start":{"line":18,"column":4},"end":{"line":18,"column":null}},"2":{"start":{"line":21,"column":26},"end":{"line":23,"column":null}},"3":{"start":{"line":22,"column":4},"end":{"line":22,"column":null}},"4":{"start":{"line":25,"column":24},"end":{"line":27,"column":null}},"5":{"start":{"line":26,"column":4},"end":{"line":26,"column":null}},"6":{"start":{"line":30,"column":4},"end":{"line":30,"column":null}},"7":{"start":{"line":31,"column":4},"end":{"line":43,"column":null}},"8":{"start":{"line":32,"column":18},"end":{"line":34,"column":null}},"9":{"start":{"line":36,"column":6},"end":{"line":38,"column":null}},"10":{"start":{"line":37,"column":8},"end":{"line":37,"column":null}},"11":{"start":{"line":40,"column":6},"end":{"line":40,"column":null}},"12":{"start":{"line":40,"column":25},"end":{"line":40,"column":67}},"13":{"start":{"line":40,"column":47},"end":{"line":40,"column":66}},"14":{"start":{"line":42,"column":6},"end":{"line":42,"column":null}},"15":{"start":{"line":46,"column":2},"end":{"line":79,"column":null}},"16":{"start":{"line":61,"column":12},"end":{"line":61,"column":null}},"17":{"start":{"line":61,"column":52},"end":{"line":61,"column":null}}},"fnMap":{"0":{"name":"Task","decl":{"start":{"line":11,"column":24},"end":{"line":11,"column":29}},"loc":{"start":{"line":16,"column":14},"end":{"line":81,"column":null}},"line":16},"1":{"name":"getTask","decl":{"start":{"line":17,"column":11},"end":{"line":17,"column":21}},"loc":{"start":{"line":17,"column":21},"end":{"line":19,"column":null}},"line":17},"2":{"name":"(anonymous_2)","decl":{"start":{"line":21,"column":26},"end":{"line":21,"column":32}},"loc":{"start":{"line":21,"column":32},"end":{"line":23,"column":null}},"line":21},"3":{"name":"(anonymous_3)","decl":{"start":{"line":25,"column":24},"end":{"line":25,"column":30}},"loc":{"start":{"line":25,"column":30},"end":{"line":27,"column":null}},"line":25},"4":{"name":"deleteTask","decl":{"start":{"line":29,"column":17},"end":{"line":29,"column":28}},"loc":{"start":{"line":29,"column":49},"end":{"line":44,"column":null}},"line":29},"5":{"name":"(anonymous_5)","decl":{"start":{"line":40,"column":15},"end":{"line":40,"column":16}},"loc":{"start":{"line":40,"column":25},"end":{"line":40,"column":67}},"line":40},"6":{"name":"(anonymous_6)","decl":{"start":{"line":40,"column":37},"end":{"line":40,"column":38}},"loc":{"start":{"line":40,"column":47},"end":{"line":40,"column":66}},"line":40},"7":{"name":"(anonymous_7)","decl":{"start":{"line":60,"column":21},"end":{"line":60,"column":22}},"loc":{"start":{"line":60,"column":28},"end":{"line":62,"column":null}},"line":60}},"branchMap":{"0":{"loc":{"start":{"line":36,"column":6},"end":{"line":38,"column":null}},"type":"if","locations":[{"start":{"line":36,"column":6},"end":{"line":38,"column":null}},{"start":{},"end":{}}],"line":36},"1":{"loc":{"start":{"line":61,"column":12},"end":{"line":61,"column":null}},"type":"if","locations":[{"start":{"line":61,"column":12},"end":{"line":61,"column":null}},{"start":{},"end":{}}],"line":61},"2":{"loc":{"start":{"line":61,"column":16},"end":{"line":61,"column":52}},"type":"binary-expr","locations":[{"start":{"line":61,"column":16},"end":{"line":61,"column":37}},{"start":{"line":61,"column":37},"end":{"line":61,"column":52}}],"line":61}},"s":{"0":1,"1":1,"2":7,"3":1,"4":7,"5":1,"6":3,"7":3,"8":3,"9":3,"10":1,"11":2,"12":2,"13":4,"14":1,"15":7,"16":1,"17":1},"f":{"0":7,"1":1,"2":1,"3":1,"4":3,"5":2,"6":4,"7":1},"b":{"0":[1,2],"1":[1,0],"2":[1,0]},"meta":{"lastBranch":3,"lastFunction":8,"lastStatement":18,"seen":{"s:4:15:4:Infinity":0,"f:11:24:11:29":0,"f:17:11:17:21":1,"s:18:4:18:Infinity":1,"s:21:26:23:Infinity":2,"f:21:26:21:32":2,"s:22:4:22:Infinity":3,"s:25:24:27:Infinity":4,"f:25:24:25:30":3,"s:26:4:26:Infinity":5,"f:29:17:29:28":4,"s:30:4:30:Infinity":6,"s:31:4:43:Infinity":7,"s:32:18:34:Infinity":8,"b:36:6:38:Infinity:undefined:undefined:undefined:undefined":0,"s:36:6:38:Infinity":9,"s:37:8:37:Infinity":10,"s:40:6:40:Infinity":11,"f:40:15:40:16":5,"s:40:25:40:67":12,"f:40:37:40:38":6,"s:40:47:40:66":13,"s:42:6:42:Infinity":14,"s:46:2:79:Infinity":15,"f:60:21:60:22":7,"b:61:12:61:Infinity:undefined:undefined:undefined:undefined":1,"s:61:12:61:Infinity":16,"b:61:16:61:37:61:37:61:52":2,"s:61:52:61:Infinity":17}}}
}
